<?xml version="1.0" encoding="UTF-8"?>
<testsuites name="PUT Test Suites" time="8.447" tests="1" failures="0" errors="0">
   <testsuite name="PUT Test Suites" tests="1" failures="0" errors="0" time="8.447" skipped="0" timestamp="2024-02-13 16:11:14" hostname="CIkal - Cikal" id="Test Suites/PUT/PUT Test Suites">
      <properties>
         <property name="deviceName" value=""/>
         <property name="devicePlatform" value=""/>
         <property name="logFolder" value="C:\\Users\\CIkal\\git\\katalon-finalapi-RajasaCikal\\Reports\\20240213_161109\\PUT\\PUT Test Suites\\20240213_161109"/>
         <property name="logFiles" value="C:\\Users\\CIkal\\git\\katalon-finalapi-RajasaCikal\\Reports\\20240213_161109\\PUT\\PUT Test Suites\\20240213_161109\\execution0.log"/>
         <property name="attachments" value=""/>
         <property name="hostName" value="CIkal - Cikal"/>
         <property name="hostAddress" value="172.16.213.167"/>
         <property name="os" value="Windows 11 64bit"/>
         <property name="katalonVersion" value="9.0.0.212"/>
      </properties>
      <testcase name="Test Cases/PUT/TC - PUT Create Booking" time="8.118" classname="Test Cases/PUT/TC - PUT Create Booking" status="PASSED">
         <system-out><![CDATA[2024-02-13 16:11:14 - [TEST_CASE][PASSED] - Test Cases/PUT/TC - PUT Create Booking: Test Cases/PUT/TC - PUT Create Booking

2024-02-13 16:11:15 - [TEST_STEP][PASSED] - callTestCase(findTestCase("POST/TC - POST Get Token"), [:], STOP_ON_FAILURE): Call Test Case 'Test Cases/POST/TC - POST Get Token' successfully

2024-02-13 16:11:15 - [TEST_CASE][PASSED] - Test Cases/POST/TC - POST Get Token: Test Cases/POST/TC - POST Get Token

2024-02-13 16:11:15 - [TEST_STEP][PASSED] - response = sendRequest(findTestObject("POST Get Token")): Send request successfully

2024-02-13 16:11:18 - [MESSAGE][INFO] - HAR: C:\Users\CIkal\git\katalon-finalapi-RajasaCikal\Reports\20240213_161109\PUT\PUT Test Suites\20240213_161109\requests\main\0.har

2024-02-13 16:11:19 - [MESSAGE][PASSED] - Send request successfully

2024-02-13 16:11:19 - [TEST_STEP][PASSED] - newToken = getElementPropertyValue(response, "token"): null

2024-02-13 16:11:19 - [TEST_STEP][PASSED] - token = newToken: null

2024-02-13 16:11:19 - [TEST_STEP][PASSED] - println(newToken): null

2024-02-13 16:11:19 - [TEST_STEP][PASSED] - println(token): null

2024-02-13 16:11:19 - [MESSAGE][PASSED] - Call Test Case 'Test Cases/POST/TC - POST Get Token' successfully

2024-02-13 16:11:19 - [TEST_STEP][PASSED] - callTestCase(findTestCase("POST/TC - POST Create Booking"), [:], STOP_ON_FAILURE): Call Test Case 'Test Cases/POST/TC - POST Create Booking' successfully

2024-02-13 16:11:19 - [TEST_CASE][PASSED] - Test Cases/POST/TC - POST Create Booking: Test Cases/POST/TC - POST Create Booking

2024-02-13 16:11:19 - [TEST_STEP][PASSED] - response = sendRequest(findTestObject("POST Create Booking")): Send request successfully

2024-02-13 16:11:20 - [MESSAGE][INFO] - HAR: C:\Users\CIkal\git\katalon-finalapi-RajasaCikal\Reports\20240213_161109\PUT\PUT Test Suites\20240213_161109\requests\main\1.har

2024-02-13 16:11:20 - [MESSAGE][PASSED] - Send request successfully

2024-02-13 16:11:20 - [TEST_STEP][PASSED] - newBookingID = getElementPropertyValue(response, "bookingid"): null

2024-02-13 16:11:21 - [TEST_STEP][PASSED] - bookingid = newBookingID: null

2024-02-13 16:11:21 - [TEST_STEP][PASSED] - println(newBookingID): null

2024-02-13 16:11:21 - [TEST_STEP][PASSED] - println(bookingid): null

2024-02-13 16:11:21 - [MESSAGE][PASSED] - Call Test Case 'Test Cases/POST/TC - POST Create Booking' successfully

2024-02-13 16:11:21 - [TEST_STEP][PASSED] - response = sendRequest(findTestObject("PUT Create Booking", ["bookingid":bookingid])): Send request successfully

2024-02-13 16:11:22 - [MESSAGE][INFO] - HAR: C:\Users\CIkal\git\katalon-finalapi-RajasaCikal\Reports\20240213_161109\PUT\PUT Test Suites\20240213_161109\requests\main\2.har

2024-02-13 16:11:22 - [MESSAGE][PASSED] - Send request successfully

2024-02-13 16:11:22 - [TEST_STEP][PASSED] - firstname = getElementPropertyValue(response, "firstname"): null

2024-02-13 16:11:22 - [TEST_STEP][PASSED] - println(firstname): null

2024-02-13 16:11:22 - [TEST_STEP][PASSED] - gbFirstName = firstname: null

2024-02-13 16:11:22 - [TEST_STEP][PASSED] - println(gbFirstName): null

2024-02-13 16:11:22 - [TEST_STEP][PASSED] - verifyElementPropertyValue(response, "firstname", firstname): Verify element property value successfully

2024-02-13 16:11:22 - [MESSAGE][PASSED] - Verify element property value successfully

2024-02-13 16:11:22 - [TEST_STEP][PASSED] - verifyElementPropertyValue(response, "lastname", lastname): Verify element property value successfully

2024-02-13 16:11:22 - [MESSAGE][PASSED] - Verify element property value successfully

2024-02-13 16:11:22 - [TEST_STEP][PASSED] - verifyElementPropertyValue(response, "totalprice", totalprice): Verify element property value successfully

2024-02-13 16:11:22 - [MESSAGE][PASSED] - Verify element property value successfully

2024-02-13 16:11:22 - [TEST_STEP][PASSED] - verifyElementPropertyValue(response, "depositpaid", depositpaid): Verify element property value successfully

2024-02-13 16:11:22 - [MESSAGE][PASSED] - Verify element property value successfully

2024-02-13 16:11:22 - [TEST_STEP][PASSED] - verifyElementPropertyValue(response, "bookingdates.checkin", "2024-02-14"): Verify element property value successfully

2024-02-13 16:11:22 - [MESSAGE][PASSED] - Verify element property value successfully

2024-02-13 16:11:22 - [TEST_STEP][PASSED] - verifyElementPropertyValue(response, "bookingdates.checkout", "2024-02-15"): Verify element property value successfully

2024-02-13 16:11:22 - [MESSAGE][PASSED] - Verify element property value successfully

2024-02-13 16:11:22 - [TEST_STEP][PASSED] - verifyElementPropertyValue(response, "additionalneeds", additionalneeds): Verify element property value successfully

2024-02-13 16:11:22 - [MESSAGE][PASSED] - Verify element property value successfully]]></system-out>
         <system-err><![CDATA[]]></system-err>
      </testcase>
      <system-out><![CDATA[2024-02-13 16:11:14 - [TEST_SUITE][PASSED] - PUT Test Suites: Test Cases/PUT/TC - PUT Create Booking]]></system-out>
      <system-err><![CDATA[]]></system-err>
   </testsuite>
</testsuites>
