<?xml version="1.0" encoding="UTF-8"?>
<testsuites name="POST Test Suites" time="6.467" tests="2" failures="0" errors="0">
   <testsuite name="POST Test Suites" tests="2" failures="0" errors="0" time="6.467" skipped="0" timestamp="2024-02-13 16:10:40" hostname="CIkal - Cikal" id="Test Suites/POST/POST Test Suites">
      <properties>
         <property name="deviceName" value=""/>
         <property name="devicePlatform" value=""/>
         <property name="logFolder" value="C:\\Users\\CIkal\\git\\katalon-finalapi-RajasaCikal\\Reports\\20240213_161034\\POST\\POST Test Suites\\20240213_161035"/>
         <property name="logFiles" value="C:\\Users\\CIkal\\git\\katalon-finalapi-RajasaCikal\\Reports\\20240213_161034\\POST\\POST Test Suites\\20240213_161035\\execution0.log"/>
         <property name="attachments" value=""/>
         <property name="hostName" value="CIkal - Cikal"/>
         <property name="hostAddress" value="172.16.213.167"/>
         <property name="os" value="Windows 11 64bit"/>
         <property name="katalonVersion" value="9.0.0.212"/>
      </properties>
      <testcase name="Test Cases/POST/TC - POST Create Booking" time="4.638" classname="Test Cases/POST/TC - POST Create Booking" status="PASSED">
         <system-out><![CDATA[2024-02-13 16:10:41 - [TEST_CASE][PASSED] - Test Cases/POST/TC - POST Create Booking: Test Cases/POST/TC - POST Create Booking

2024-02-13 16:10:41 - [TEST_STEP][PASSED] - response = sendRequest(findTestObject("POST Create Booking")): Send request successfully

2024-02-13 16:10:45 - [MESSAGE][INFO] - HAR: C:\Users\CIkal\git\katalon-finalapi-RajasaCikal\Reports\20240213_161034\POST\POST Test Suites\20240213_161035\requests\main\0.har

2024-02-13 16:10:45 - [MESSAGE][PASSED] - Send request successfully

2024-02-13 16:10:45 - [TEST_STEP][PASSED] - newBookingID = getElementPropertyValue(response, "bookingid"): null

2024-02-13 16:10:45 - [TEST_STEP][PASSED] - bookingid = newBookingID: null

2024-02-13 16:10:45 - [TEST_STEP][PASSED] - println(newBookingID): null

2024-02-13 16:10:45 - [TEST_STEP][PASSED] - println(bookingid): null]]></system-out>
         <system-err><![CDATA[]]></system-err>
      </testcase>
      <testcase name="Test Cases/POST/TC - POST Get Token" time="1.426" classname="Test Cases/POST/TC - POST Get Token" status="PASSED">
         <system-out><![CDATA[2024-02-13 16:10:45 - [TEST_CASE][PASSED] - Test Cases/POST/TC - POST Get Token: Test Cases/POST/TC - POST Get Token

2024-02-13 16:10:46 - [TEST_STEP][PASSED] - response = sendRequest(findTestObject("POST Get Token")): Send request successfully

2024-02-13 16:10:47 - [MESSAGE][INFO] - HAR: C:\Users\CIkal\git\katalon-finalapi-RajasaCikal\Reports\20240213_161034\POST\POST Test Suites\20240213_161035\requests\main\1.har

2024-02-13 16:10:47 - [MESSAGE][PASSED] - Send request successfully

2024-02-13 16:10:47 - [TEST_STEP][PASSED] - newToken = getElementPropertyValue(response, "token"): null

2024-02-13 16:10:47 - [TEST_STEP][PASSED] - token = newToken: null

2024-02-13 16:10:47 - [TEST_STEP][PASSED] - println(newToken): null

2024-02-13 16:10:47 - [TEST_STEP][PASSED] - println(token): null]]></system-out>
         <system-err><![CDATA[]]></system-err>
      </testcase>
      <system-out><![CDATA[2024-02-13 16:10:40 - [TEST_SUITE][PASSED] - POST Test Suites: Test Cases/POST/TC - POST Get Token]]></system-out>
      <system-err><![CDATA[]]></system-err>
   </testsuite>
</testsuites>
